  CHK     include/generated/compile.h
  AR      built-in.a
  MODPOST vmlinux.o
WARNING: modpost: Found 6 section mismatch(es).
To see full details build your kernel with:
'make CONFIG_DEBUG_SECTION_MISMATCH=y'
aarch64-linux-gnu-ld: aarch64-linux-gnu-ld: DWARF error: invalid or unhandled FORM value: 0x25
techpack/display/msm/sde/sde_crtc.o: in function `sde_crtc_complete_commit':
sde_crtc.c:(.text+0x1378): undefined reference to `msm_drm_notifier_call_chain'
aarch64-linux-gnu-ld: aarch64-linux-gnu-ld: DWARF error: invalid or unhandled FORM value: 0x25
techpack/display/msm/dsi/dsi_display.o: in function `dsi_display_post_enable':
(.text+0x9590): undefined reference to `msm_drm_notifier_call_chain'
aarch64-linux-gnu-ld: techpack/display/msm/dsi/dsi_display.o: in function `dsi_display_disable':
(.text+0x9948): undefined reference to `msm_drm_notifier_call_chain'
aarch64-linux-gnu-ld: (.text+0x998c): undefined reference to `msm_drm_notifier_call_chain'
aarch64-linux-gnu-ld: aarch64-linux-gnu-ld: DWARF error: invalid or unhandled FORM value: 0x25
techpack/display/oplus/oplus_display_private_api.o: in function `dsi_display_oplus_set_power':
(.text+0x1740): undefined reference to `msm_drm_notifier_call_chain'
aarch64-linux-gnu-ld: techpack/display/oplus/oplus_display_private_api.o:(.text+0x17dc): more undefined references to `msm_drm_notifier_call_chain' follow
make[1]: *** [/home/runner/work/kebab_kernelsu_susfs_support/kebab_kernelsu_susfs_support/kernel_source/Makefile:1218: vmlinux] Error 1
make[1]: Leaving directory '/home/runner/work/kebab_kernelsu_susfs_support/kebab_kernelsu_susfs_support/kernel_source/out'
make: *** [Makefile:153: sub-make] Error 2
Error: Process completed with exit code 2.

